{"contracts/api/InvestmentManager.sol":{"l":{},"path":"/Users/best/Dev/web3/chainlink/aclm/backend/contracts/api/InvestmentManager.sol","s":{},"b":{},"f":{},"fnMap":{},"statementMap":{},"branchMap":{}},"contracts/external/interfaces.sol":{"l":{},"path":"/Users/best/Dev/web3/chainlink/aclm/backend/contracts/external/interfaces.sol","s":{},"b":{},"f":{},"fnMap":{},"statementMap":{},"branchMap":{}},"contracts/InvestmentManagerImpl.sol":{"l":{"47":81,"48":81,"49":81,"55":15,"56":15,"57":15,"61":10,"62":10,"63":10,"71":10,"72":10,"75":10,"78":10,"88":10,"99":10,"100":10,"101":9,"108":9,"109":9,"110":9,"111":9,"113":0,"120":0,"121":0,"122":0,"123":0,"125":1,"132":1,"139":1,"140":1,"141":1,"142":1,"143":1,"145":10,"149":19,"150":19,"151":19,"152":19,"156":0,"157":0,"158":0,"162":0,"166":19,"167":19,"168":19,"169":19,"171":19,"175":47,"176":47,"177":47,"178":34,"179":10,"180":10,"181":10,"184":47,"185":37,"190":19,"199":6,"200":6,"201":6,"210":8,"211":8,"212":8,"213":8,"214":8,"225":8,"226":8,"230":48,"231":48,"232":65,"233":48,"234":48,"245":3,"246":3,"247":3,"248":3,"258":14,"260":14,"271":14,"273":14,"274":14,"279":1,"284":13,"285":13,"289":13,"303":13,"304":13,"305":13,"306":13,"313":13,"314":13,"315":13,"316":13,"317":13,"318":13,"322":13,"337":13,"348":13,"349":13,"353":24,"360":46,"361":46,"362":64,"363":46,"366":0,"370":5,"374":3,"378":8,"382":0,"386":5,"390":7,"391":7,"392":7,"393":7,"394":7,"395":7,"396":7,"397":7,"398":7,"399":7,"400":7,"401":4,"402":4,"405":7,"406":7,"407":7,"408":7,"409":4,"410":4,"413":7,"417":2,"418":2,"419":2,"421":2,"422":2,"423":2,"424":2,"425":2,"426":2,"427":2,"428":2,"438":2,"442":2,"443":2,"444":2,"445":2,"446":2,"448":2,"449":2,"451":2,"452":2,"453":2,"457":3,"459":3,"468":3,"469":3,"473":3,"481":3,"482":3,"484":3,"485":3,"486":3,"488":3,"489":3,"490":3,"491":3,"492":3,"493":3,"494":3,"509":1,"510":1,"511":1,"512":1,"513":1,"517":3,"518":3,"519":1,"520":1,"524":1,"525":1,"526":1,"530":62,"533":62,"537":0,"540":0,"544":0,"545":0,"546":0,"550":2,"551":2,"553":2,"554":2,"556":2,"557":2,"558":2,"559":2,"560":2,"561":2,"562":2,"563":2,"564":2,"565":2,"567":0,"568":0,"569":0,"572":2,"580":8,"581":1,"583":1,"585":6,"586":6,"587":6,"588":0,"589":0,"591":6,"592":6,"593":6,"594":6,"595":6,"596":5,"598":1,"599":1,"601":6,"603":1,"605":5,"606":1,"608":4,"615":2,"616":2,"617":2,"618":2,"623":1,"624":1,"625":1,"626":1,"627":1,"628":1,"629":1,"630":1,"632":1,"633":1},"path":"/Users/best/Dev/web3/chainlink/aclm/backend/contracts/InvestmentManagerImpl.sol","s":{"1":10,"2":10,"3":10,"4":10,"5":10,"6":10,"7":10,"8":10,"9":10,"10":10,"11":9,"12":9,"13":9,"14":1,"15":0,"16":0,"17":0,"18":1,"19":1,"20":1,"21":1,"22":1,"23":10,"24":19,"25":19,"26":19,"27":0,"28":0,"29":0,"30":0,"31":19,"32":19,"33":19,"34":19,"35":47,"36":47,"37":47,"38":34,"39":47,"40":37,"41":19,"42":6,"43":6,"44":8,"45":8,"46":8,"47":8,"48":8,"49":8,"50":48,"51":48,"52":65,"53":3,"54":3,"55":3,"56":14,"57":14,"58":14,"59":14,"60":1,"61":13,"62":13,"63":13,"64":13,"65":13,"66":13,"67":13,"68":13,"69":13,"70":13,"71":13,"72":13,"73":13,"74":13,"75":13,"76":13,"77":24,"78":46,"79":46,"80":64,"81":46,"82":0,"83":5,"84":3,"85":8,"86":0,"87":5,"88":7,"89":7,"90":7,"91":7,"92":7,"93":7,"94":7,"95":7,"96":7,"97":7,"98":7,"99":7,"100":7,"101":7,"102":7,"103":7,"104":2,"105":2,"106":2,"107":2,"108":2,"109":2,"110":2,"111":2,"112":2,"113":2,"114":2,"115":2,"116":2,"117":2,"118":2,"119":2,"120":2,"121":2,"122":2,"123":2,"124":2,"125":2,"126":3,"127":3,"128":3,"129":3,"130":3,"131":3,"132":3,"133":3,"134":3,"135":3,"136":3,"137":3,"138":3,"139":3,"140":3,"141":3,"142":1,"143":1,"144":1,"145":1,"146":1,"147":3,"148":3,"149":1,"150":1,"151":1,"152":62,"153":62,"154":0,"155":0,"156":0,"157":0,"158":2,"159":2,"160":2,"161":2,"162":2,"163":2,"164":2,"165":2,"166":2,"167":2,"168":2,"169":2,"170":2,"171":0,"172":0,"173":2,"174":8,"175":1,"176":7,"177":1,"178":6,"179":6,"180":6,"181":6,"182":6,"183":6,"184":6,"185":6,"186":6,"187":1,"188":5,"189":1,"190":4,"191":2,"192":2,"193":1,"194":1,"195":1,"196":1,"197":1,"198":1,"199":1,"200":1,"201":1},"b":{"1":[1,9],"2":[1,9],"3":[9,1],"4":[0,1],"5":[19,0],"6":[10,24],"7":[37,10],"8":[48,17],"9":[14,0],"10":[46,18],"11":[4,3],"12":[0,4],"13":[4,3],"14":[1,2],"15":[62,0],"16":[0,62],"17":[0,0],"18":[0,0],"19":[2,0],"20":[2,0],"21":[1,7],"22":[1,6],"23":[0,6],"24":[0,6],"25":[0,6],"26":[5,1],"27":[1,5],"28":[1,4],"29":[1,0]},"f":{"1":81,"2":10,"3":10,"4":19,"5":0,"6":0,"7":19,"8":47,"9":19,"10":6,"11":8,"12":48,"13":3,"14":14,"15":1,"16":13,"17":13,"18":24,"19":46,"20":5,"21":3,"22":8,"23":0,"24":5,"25":7,"26":2,"27":2,"28":3,"29":1,"30":3,"31":1,"32":62,"33":0,"34":0,"35":2,"36":8,"37":2,"38":1},"fnMap":{"1":{"name":"constructor","line":46,"loc":{"start":{"line":46,"column":4},"end":{"line":50,"column":4}}},"2":{"name":"invest","line":60,"loc":{"start":{"line":60,"column":4},"end":{"line":89,"column":4}}},"3":{"name":"_swapToTargetAmounts","line":91,"loc":{"start":{"line":91,"column":4},"end":{"line":146,"column":4}}},"4":{"name":"deposit","line":148,"loc":{"start":{"line":148,"column":4},"end":{"line":153,"column":4}}},"5":{"name":"depositWrapped","line":155,"loc":{"start":{"line":155,"column":4},"end":{"line":159,"column":4}}},"6":{"name":"wrap","line":161,"loc":{"start":{"line":161,"column":4},"end":{"line":163,"column":4}}},"7":{"name":"_wrap","line":165,"loc":{"start":{"line":165,"column":4},"end":{"line":172,"column":4}}},"8":{"name":"_deposit","line":174,"loc":{"start":{"line":174,"column":4},"end":{"line":187,"column":4}}},"9":{"name":"wrapAll","line":189,"loc":{"start":{"line":189,"column":4},"end":{"line":191,"column":4}}},"10":{"name":"swapKnownInput","line":193,"loc":{"start":{"line":193,"column":4},"end":{"line":202,"column":4}}},"11":{"name":"_swapExactInput","line":204,"loc":{"start":{"line":204,"column":4},"end":{"line":227,"column":4}}},"12":{"name":"_decreaseDeposit","line":229,"loc":{"start":{"line":229,"column":4},"end":{"line":237,"column":4}}},"13":{"name":"swapKnownOutput","line":239,"loc":{"start":{"line":239,"column":4},"end":{"line":249,"column":4}}},"14":{"name":"_swapExactOutput","line":251,"loc":{"start":{"line":251,"column":4},"end":{"line":276,"column":4}}},"15":{"name":"mint","line":278,"loc":{"start":{"line":278,"column":4},"end":{"line":280,"column":4}}},"16":{"name":"_mint","line":282,"loc":{"start":{"line":282,"column":4},"end":{"line":319,"column":4}}},"17":{"name":"_saveMinted","line":321,"loc":{"start":{"line":321,"column":4},"end":{"line":350,"column":4}}},"18":{"name":"getTokenBalance","line":352,"loc":{"start":{"line":352,"column":4},"end":{"line":354,"column":4}}},"19":{"name":"_getTokenUserBalance","line":356,"loc":{"start":{"line":356,"column":4},"end":{"line":367,"column":4}}},"20":{"name":"getNativeBalance","line":369,"loc":{"start":{"line":369,"column":4},"end":{"line":371,"column":4}}},"21":{"name":"getPositionsCount","line":373,"loc":{"start":{"line":373,"column":4},"end":{"line":375,"column":4}}},"22":{"name":"getMyPositions","line":377,"loc":{"start":{"line":377,"column":4},"end":{"line":379,"column":4}}},"23":{"name":"getAllPosition","line":381,"loc":{"start":{"line":381,"column":4},"end":{"line":383,"column":4}}},"24":{"name":"getPositionInfo","line":385,"loc":{"start":{"line":385,"column":4},"end":{"line":387,"column":4}}},"25":{"name":"getTickOutOfRangePositions","line":389,"loc":{"start":{"line":389,"column":4},"end":{"line":414,"column":4}}},"26":{"name":"updatePosition","line":416,"loc":{"start":{"line":416,"column":4},"end":{"line":439,"column":4}}},"27":{"name":"_computeNewTicks","line":441,"loc":{"start":{"line":441,"column":4},"end":{"line":454,"column":4}}},"28":{"name":"removePosition","line":456,"loc":{"start":{"line":456,"column":4},"end":{"line":506,"column":4}}},"29":{"name":"withdrawToken","line":508,"loc":{"start":{"line":508,"column":4},"end":{"line":514,"column":4}}},"30":{"name":"withdrawBalance","line":516,"loc":{"start":{"line":516,"column":4},"end":{"line":521,"column":4}}},"31":{"name":"withdrawAvailableBalance","line":523,"loc":{"start":{"line":523,"column":4},"end":{"line":527,"column":4}}},"32":{"name":"safeApprove","line":529,"loc":{"start":{"line":529,"column":4},"end":{"line":534,"column":4}}},"33":{"name":"safeTransfer","line":536,"loc":{"start":{"line":536,"column":4},"end":{"line":541,"column":4}}},"34":{"name":null,"line":543,"loc":{"start":{"line":543,"column":4},"end":{"line":547,"column":4}}},"35":{"name":"rebalance","line":549,"loc":{"start":{"line":549,"column":4},"end":{"line":573,"column":4}}},"36":{"name":"computeAmountIn","line":575,"loc":{"start":{"line":575,"column":4},"end":{"line":610,"column":4}}},"37":{"name":"checkUpkeep","line":612,"loc":{"start":{"line":612,"column":4},"end":{"line":619,"column":4}}},"38":{"name":"performUpkeep","line":621,"loc":{"start":{"line":621,"column":4},"end":{"line":634,"column":4}}}},"statementMap":{"1":{"start":{"line":61,"column":8},"end":{"line":61,"column":16}},"2":{"start":{"line":62,"column":8},"end":{"line":62,"column":16}},"3":{"start":{"line":63,"column":8},"end":{"line":63,"column":2149}},"4":{"start":{"line":71,"column":8},"end":{"line":71,"column":54}},"5":{"start":{"line":72,"column":8},"end":{"line":72,"column":2477}},"6":{"start":{"line":75,"column":8},"end":{"line":75,"column":2617}},"7":{"start":{"line":78,"column":8},"end":{"line":78,"column":2719}},"8":{"start":{"line":88,"column":8},"end":{"line":88,"column":20}},"9":{"start":{"line":99,"column":8},"end":{"line":99,"column":73}},"10":{"start":{"line":100,"column":8},"end":{"line":100,"column":3384}},"11":{"start":{"line":101,"column":12},"end":{"line":101,"column":3440}},"12":{"start":{"line":110,"column":12},"end":{"line":110,"column":51}},"13":{"start":{"line":111,"column":12},"end":{"line":111,"column":42}},"14":{"start":{"line":112,"column":15},"end":{"line":112,"column":3837}},"15":{"start":{"line":113,"column":12},"end":{"line":113,"column":3893}},"16":{"start":{"line":122,"column":12},"end":{"line":122,"column":51}},"17":{"start":{"line":123,"column":12},"end":{"line":123,"column":42}},"18":{"start":{"line":125,"column":12},"end":{"line":125,"column":4309}},"19":{"start":{"line":132,"column":12},"end":{"line":132,"column":4505}},"20":{"start":{"line":141,"column":12},"end":{"line":141,"column":79}},"21":{"start":{"line":142,"column":12},"end":{"line":142,"column":42}},"22":{"start":{"line":143,"column":12},"end":{"line":143,"column":42}},"23":{"start":{"line":145,"column":8},"end":{"line":145,"column":74}},"24":{"start":{"line":150,"column":8},"end":{"line":150,"column":51}},"25":{"start":{"line":151,"column":8},"end":{"line":151,"column":45}},"26":{"start":{"line":152,"column":8},"end":{"line":152,"column":56}},"27":{"start":{"line":156,"column":8},"end":{"line":156,"column":73}},"28":{"start":{"line":157,"column":8},"end":{"line":157,"column":90}},"29":{"start":{"line":158,"column":8},"end":{"line":158,"column":58}},"30":{"start":{"line":162,"column":8},"end":{"line":162,"column":32}},"31":{"start":{"line":166,"column":8},"end":{"line":166,"column":37}},"32":{"start":{"line":167,"column":8},"end":{"line":167,"column":56}},"33":{"start":{"line":168,"column":8},"end":{"line":168,"column":67}},"34":{"start":{"line":171,"column":8},"end":{"line":171,"column":52}},"35":{"start":{"line":175,"column":8},"end":{"line":175,"column":55}},"36":{"start":{"line":176,"column":8},"end":{"line":176,"column":18}},"37":{"start":{"line":177,"column":8},"end":{"line":177,"column":6238}},"38":{"start":{"line":178,"column":12},"end":{"line":178,"column":6297}},"39":{"start":{"line":184,"column":8},"end":{"line":184,"column":6469}},"40":{"start":{"line":185,"column":12},"end":{"line":185,"column":56}},"41":{"start":{"line":190,"column":8},"end":{"line":190,"column":46}},"42":{"start":{"line":200,"column":8},"end":{"line":200,"column":54}},"43":{"start":{"line":201,"column":8},"end":{"line":201,"column":48}},"44":{"start":{"line":210,"column":8},"end":{"line":210,"column":50}},"45":{"start":{"line":211,"column":8},"end":{"line":211,"column":58}},"46":{"start":{"line":212,"column":8},"end":{"line":212,"column":53}},"47":{"start":{"line":213,"column":8},"end":{"line":213,"column":58}},"48":{"start":{"line":214,"column":8},"end":{"line":214,"column":7417}},"49":{"start":{"line":226,"column":8},"end":{"line":226,"column":45}},"50":{"start":{"line":230,"column":8},"end":{"line":230,"column":53}},"51":{"start":{"line":231,"column":8},"end":{"line":231,"column":8116}},"52":{"start":{"line":232,"column":12},"end":{"line":232,"column":8172}},"53":{"start":{"line":245,"column":8},"end":{"line":245,"column":65}},"54":{"start":{"line":247,"column":8},"end":{"line":247,"column":54}},"55":{"start":{"line":248,"column":8},"end":{"line":248,"column":51}},"56":{"start":{"line":258,"column":8},"end":{"line":258,"column":65}},"57":{"start":{"line":260,"column":8},"end":{"line":260,"column":9030}},"58":{"start":{"line":273,"column":8},"end":{"line":273,"column":9474}},"59":{"start":{"line":274,"column":12},"end":{"line":274,"column":55}},"60":{"start":{"line":279,"column":8},"end":{"line":279,"column":28}},"61":{"start":{"line":284,"column":8},"end":{"line":284,"column":93}},"62":{"start":{"line":285,"column":8},"end":{"line":285,"column":93}},"63":{"start":{"line":289,"column":8},"end":{"line":289,"column":10158}},"64":{"start":{"line":303,"column":8},"end":{"line":303,"column":92}},"65":{"start":{"line":304,"column":8},"end":{"line":304,"column":39}},"66":{"start":{"line":305,"column":8},"end":{"line":305,"column":39}},"67":{"start":{"line":306,"column":8},"end":{"line":306,"column":10921}},"68":{"start":{"line":313,"column":8},"end":{"line":313,"column":94}},"69":{"start":{"line":314,"column":8},"end":{"line":314,"column":76}},"70":{"start":{"line":315,"column":8},"end":{"line":315,"column":60}},"71":{"start":{"line":316,"column":8},"end":{"line":316,"column":62}},"72":{"start":{"line":317,"column":8},"end":{"line":317,"column":62}},"73":{"start":{"line":318,"column":8},"end":{"line":318,"column":22}},"74":{"start":{"line":322,"column":8},"end":{"line":322,"column":11653}},"75":{"start":{"line":348,"column":8},"end":{"line":348,"column":29}},"76":{"start":{"line":349,"column":8},"end":{"line":349,"column":41}},"77":{"start":{"line":353,"column":8},"end":{"line":353,"column":62}},"78":{"start":{"line":360,"column":8},"end":{"line":360,"column":52}},"79":{"start":{"line":361,"column":8},"end":{"line":361,"column":12719}},"80":{"start":{"line":362,"column":12},"end":{"line":362,"column":12775}},"81":{"start":{"line":363,"column":16},"end":{"line":363,"column":36}},"82":{"start":{"line":366,"column":8},"end":{"line":366,"column":16}},"83":{"start":{"line":370,"column":8},"end":{"line":370,"column":35}},"84":{"start":{"line":374,"column":8},"end":{"line":374,"column":83}},"85":{"start":{"line":378,"column":8},"end":{"line":378,"column":40}},"86":{"start":{"line":382,"column":8},"end":{"line":382,"column":23}},"87":{"start":{"line":386,"column":8},"end":{"line":386,"column":30}},"88":{"start":{"line":390,"column":8},"end":{"line":390,"column":58}},"89":{"start":{"line":391,"column":8},"end":{"line":391,"column":62}},"90":{"start":{"line":392,"column":8},"end":{"line":392,"column":18}},"91":{"start":{"line":393,"column":8},"end":{"line":393,"column":13811}},"92":{"start":{"line":394,"column":12},"end":{"line":394,"column":59}},"93":{"start":{"line":395,"column":12},"end":{"line":395,"column":75}},"94":{"start":{"line":396,"column":12},"end":{"line":396,"column":71}},"95":{"start":{"line":397,"column":12},"end":{"line":397,"column":67}},"96":{"start":{"line":398,"column":12},"end":{"line":398,"column":38}},"97":{"start":{"line":399,"column":12},"end":{"line":399,"column":31}},"98":{"start":{"line":400,"column":12},"end":{"line":400,"column":14228}},"99":{"start":{"line":405,"column":8},"end":{"line":405,"column":45}},"100":{"start":{"line":406,"column":8},"end":{"line":406,"column":17}},"101":{"start":{"line":407,"column":8},"end":{"line":407,"column":14444}},"102":{"start":{"line":408,"column":12},"end":{"line":408,"column":14505}},"103":{"start":{"line":413,"column":8},"end":{"line":413,"column":18}},"104":{"start":{"line":417,"column":8},"end":{"line":417,"column":60}},"105":{"start":{"line":418,"column":8},"end":{"line":418,"column":63}},"106":{"start":{"line":419,"column":8},"end":{"line":419,"column":76}},"107":{"start":{"line":421,"column":8},"end":{"line":421,"column":70}},"108":{"start":{"line":422,"column":8},"end":{"line":422,"column":33}},"109":{"start":{"line":423,"column":8},"end":{"line":423,"column":32}},"110":{"start":{"line":424,"column":8},"end":{"line":424,"column":32}},"111":{"start":{"line":425,"column":8},"end":{"line":425,"column":74}},"112":{"start":{"line":426,"column":8},"end":{"line":426,"column":74}},"113":{"start":{"line":427,"column":8},"end":{"line":427,"column":66}},"114":{"start":{"line":428,"column":8},"end":{"line":428,"column":15321}},"115":{"start":{"line":438,"column":8},"end":{"line":438,"column":20}},"116":{"start":{"line":442,"column":8},"end":{"line":442,"column":83}},"117":{"start":{"line":443,"column":8},"end":{"line":443,"column":42}},"118":{"start":{"line":444,"column":8},"end":{"line":444,"column":83}},"119":{"start":{"line":445,"column":8},"end":{"line":445,"column":65}},"120":{"start":{"line":446,"column":8},"end":{"line":446,"column":27}},"121":{"start":{"line":448,"column":8},"end":{"line":448,"column":58}},"122":{"start":{"line":449,"column":8},"end":{"line":449,"column":65}},"123":{"start":{"line":451,"column":8},"end":{"line":451,"column":83}},"124":{"start":{"line":452,"column":8},"end":{"line":452,"column":83}},"125":{"start":{"line":453,"column":8},"end":{"line":453,"column":37}},"126":{"start":{"line":457,"column":8},"end":{"line":457,"column":97}},"127":{"start":{"line":459,"column":8},"end":{"line":459,"column":16555}},"128":{"start":{"line":468,"column":8},"end":{"line":468,"column":91}},"129":{"start":{"line":469,"column":8},"end":{"line":469,"column":75}},"130":{"start":{"line":473,"column":8},"end":{"line":473,"column":17187}},"131":{"start":{"line":481,"column":8},"end":{"line":481,"column":88}},"132":{"start":{"line":482,"column":8},"end":{"line":482,"column":75}},"133":{"start":{"line":484,"column":8},"end":{"line":484,"column":51}},"134":{"start":{"line":485,"column":8},"end":{"line":485,"column":50}},"135":{"start":{"line":486,"column":8},"end":{"line":486,"column":50}},"136":{"start":{"line":488,"column":8},"end":{"line":488,"column":47}},"137":{"start":{"line":490,"column":8},"end":{"line":490,"column":46}},"138":{"start":{"line":491,"column":8},"end":{"line":491,"column":21}},"139":{"start":{"line":492,"column":8},"end":{"line":492,"column":62}},"140":{"start":{"line":493,"column":8},"end":{"line":493,"column":37}},"141":{"start":{"line":494,"column":8},"end":{"line":494,"column":18075}},"142":{"start":{"line":509,"column":8},"end":{"line":509,"column":67}},"143":{"start":{"line":510,"column":8},"end":{"line":510,"column":65}},"144":{"start":{"line":511,"column":8},"end":{"line":511,"column":60}},"145":{"start":{"line":512,"column":8},"end":{"line":512,"column":56}},"146":{"start":{"line":513,"column":8},"end":{"line":513,"column":61}},"147":{"start":{"line":517,"column":8},"end":{"line":517,"column":43}},"148":{"start":{"line":518,"column":8},"end":{"line":518,"column":85}},"149":{"start":{"line":520,"column":8},"end":{"line":520,"column":43}},"150":{"start":{"line":524,"column":8},"end":{"line":524,"column":43}},"151":{"start":{"line":526,"column":8},"end":{"line":526,"column":44}},"152":{"start":{"line":530,"column":8},"end":{"line":530,"column":19348}},"153":{"start":{"line":533,"column":8},"end":{"line":533,"column":82}},"154":{"start":{"line":537,"column":8},"end":{"line":537,"column":19657}},"155":{"start":{"line":540,"column":8},"end":{"line":540,"column":82}},"156":{"start":{"line":545,"column":8},"end":{"line":545,"column":56}},"157":{"start":{"line":546,"column":8},"end":{"line":546,"column":44}},"158":{"start":{"line":550,"column":8},"end":{"line":550,"column":55}},"159":{"start":{"line":551,"column":8},"end":{"line":551,"column":56}},"160":{"start":{"line":553,"column":8},"end":{"line":553,"column":55}},"161":{"start":{"line":554,"column":8},"end":{"line":554,"column":56}},"162":{"start":{"line":556,"column":8},"end":{"line":556,"column":59}},"163":{"start":{"line":557,"column":8},"end":{"line":557,"column":73}},"164":{"start":{"line":558,"column":8},"end":{"line":558,"column":81}},"165":{"start":{"line":559,"column":8},"end":{"line":559,"column":67}},"166":{"start":{"line":560,"column":8},"end":{"line":560,"column":26}},"167":{"start":{"line":561,"column":8},"end":{"line":561,"column":20718}},"168":{"start":{"line":562,"column":12},"end":{"line":562,"column":20755}},"169":{"start":{"line":564,"column":16},"end":{"line":564,"column":56}},"170":{"start":{"line":565,"column":16},"end":{"line":565,"column":49}},"171":{"start":{"line":568,"column":16},"end":{"line":568,"column":56}},"172":{"start":{"line":569,"column":16},"end":{"line":569,"column":49}},"173":{"start":{"line":572,"column":8},"end":{"line":572,"column":54}},"174":{"start":{"line":580,"column":8},"end":{"line":580,"column":21392}},"175":{"start":{"line":581,"column":12},"end":{"line":581,"column":35}},"176":{"start":{"line":582,"column":15},"end":{"line":582,"column":21461}},"177":{"start":{"line":583,"column":12},"end":{"line":583,"column":36}},"178":{"start":{"line":585,"column":8},"end":{"line":585,"column":28}},"179":{"start":{"line":586,"column":8},"end":{"line":586,"column":65}},"180":{"start":{"line":587,"column":8},"end":{"line":587,"column":21631}},"181":{"start":{"line":591,"column":8},"end":{"line":591,"column":30}},"182":{"start":{"line":592,"column":8},"end":{"line":592,"column":27}},"183":{"start":{"line":593,"column":8},"end":{"line":593,"column":52}},"184":{"start":{"line":594,"column":8},"end":{"line":594,"column":50}},"185":{"start":{"line":595,"column":8},"end":{"line":595,"column":21950}},"186":{"start":{"line":601,"column":8},"end":{"line":601,"column":22116}},"187":{"start":{"line":603,"column":12},"end":{"line":603,"column":29}},"188":{"start":{"line":605,"column":8},"end":{"line":605,"column":22223}},"189":{"start":{"line":606,"column":12},"end":{"line":606,"column":72}},"190":{"start":{"line":608,"column":12},"end":{"line":608,"column":71}},"191":{"start":{"line":615,"column":8},"end":{"line":615,"column":56}},"192":{"start":{"line":618,"column":8},"end":{"line":618,"column":53}},"193":{"start":{"line":623,"column":8},"end":{"line":623,"column":73}},"194":{"start":{"line":624,"column":8},"end":{"line":624,"column":49}},"195":{"start":{"line":625,"column":8},"end":{"line":625,"column":28}},"196":{"start":{"line":626,"column":8},"end":{"line":626,"column":57}},"197":{"start":{"line":627,"column":8},"end":{"line":627,"column":55}},"198":{"start":{"line":628,"column":8},"end":{"line":628,"column":23261}},"199":{"start":{"line":629,"column":12},"end":{"line":629,"column":65}},"200":{"start":{"line":630,"column":12},"end":{"line":630,"column":36}},"201":{"start":{"line":633,"column":8},"end":{"line":633,"column":39}}},"branchMap":{"1":{"line":73,"type":"if","locations":[{"start":{"line":73,"column":14},"end":{"line":73,"column":43}},{"start":{"line":74,"column":14},"end":{"line":74,"column":43}}]},"2":{"line":76,"type":"if","locations":[{"start":{"line":76,"column":14},"end":{"line":76,"column":39}},{"start":{"line":77,"column":14},"end":{"line":77,"column":39}}]},"3":{"line":100,"type":"if","locations":[{"start":{"line":100,"column":8},"end":{"line":100,"column":8}},{"start":{"line":100,"column":8},"end":{"line":100,"column":8}}]},"4":{"line":112,"type":"if","locations":[{"start":{"line":112,"column":15},"end":{"line":112,"column":15}},{"start":{"line":112,"column":15},"end":{"line":112,"column":15}}]},"5":{"line":167,"type":"if","locations":[{"start":{"line":167,"column":8},"end":{"line":167,"column":8}},{"start":{"line":167,"column":8},"end":{"line":167,"column":8}}]},"6":{"line":178,"type":"if","locations":[{"start":{"line":178,"column":12},"end":{"line":178,"column":12}},{"start":{"line":178,"column":12},"end":{"line":178,"column":12}}]},"7":{"line":184,"type":"if","locations":[{"start":{"line":184,"column":8},"end":{"line":184,"column":8}},{"start":{"line":184,"column":8},"end":{"line":184,"column":8}}]},"8":{"line":232,"type":"if","locations":[{"start":{"line":232,"column":12},"end":{"line":232,"column":12}},{"start":{"line":232,"column":12},"end":{"line":232,"column":12}}]},"9":{"line":273,"type":"if","locations":[{"start":{"line":273,"column":8},"end":{"line":273,"column":8}},{"start":{"line":273,"column":8},"end":{"line":273,"column":8}}]},"10":{"line":362,"type":"if","locations":[{"start":{"line":362,"column":12},"end":{"line":362,"column":12}},{"start":{"line":362,"column":12},"end":{"line":362,"column":12}}]},"11":{"line":400,"type":"if","locations":[{"start":{"line":400,"column":12},"end":{"line":400,"column":12}},{"start":{"line":400,"column":12},"end":{"line":400,"column":12}}]},"12":{"line":400,"type":"cond-expr","locations":[{"start":{"line":400,"column":16},"end":{"line":400,"column":35}},{"start":{"line":400,"column":40},"end":{"line":400,"column":59}}]},"13":{"line":408,"type":"if","locations":[{"start":{"line":408,"column":12},"end":{"line":408,"column":12}},{"start":{"line":408,"column":12},"end":{"line":408,"column":12}}]},"14":{"line":518,"type":"if","locations":[{"start":{"line":518,"column":8},"end":{"line":518,"column":8}},{"start":{"line":518,"column":8},"end":{"line":518,"column":8}}]},"15":{"line":533,"type":"if","locations":[{"start":{"line":533,"column":8},"end":{"line":533,"column":8}},{"start":{"line":533,"column":8},"end":{"line":533,"column":8}}]},"16":{"line":533,"type":"cond-expr","locations":[{"start":{"line":533,"column":28},"end":{"line":533,"column":43}},{"start":{"line":533,"column":48},"end":{"line":533,"column":71}}]},"17":{"line":540,"type":"if","locations":[{"start":{"line":540,"column":8},"end":{"line":540,"column":8}},{"start":{"line":540,"column":8},"end":{"line":540,"column":8}}]},"18":{"line":540,"type":"cond-expr","locations":[{"start":{"line":540,"column":28},"end":{"line":540,"column":43}},{"start":{"line":540,"column":48},"end":{"line":540,"column":71}}]},"19":{"line":561,"type":"if","locations":[{"start":{"line":561,"column":8},"end":{"line":561,"column":8}},{"start":{"line":561,"column":8},"end":{"line":561,"column":8}}]},"20":{"line":562,"type":"if","locations":[{"start":{"line":562,"column":12},"end":{"line":562,"column":12}},{"start":{"line":562,"column":12},"end":{"line":562,"column":12}}]},"21":{"line":580,"type":"if","locations":[{"start":{"line":580,"column":8},"end":{"line":580,"column":8}},{"start":{"line":580,"column":8},"end":{"line":580,"column":8}}]},"22":{"line":582,"type":"if","locations":[{"start":{"line":582,"column":15},"end":{"line":582,"column":15}},{"start":{"line":582,"column":15},"end":{"line":582,"column":15}}]},"23":{"line":587,"type":"if","locations":[{"start":{"line":587,"column":8},"end":{"line":587,"column":8}},{"start":{"line":587,"column":8},"end":{"line":587,"column":8}}]},"24":{"line":593,"type":"if","locations":[{"start":{"line":593,"column":31},"end":{"line":593,"column":44}},{"start":{"line":593,"column":48},"end":{"line":593,"column":51}}]},"25":{"line":594,"type":"if","locations":[{"start":{"line":594,"column":31},"end":{"line":594,"column":34}},{"start":{"line":594,"column":38},"end":{"line":594,"column":49}}]},"26":{"line":595,"type":"if","locations":[{"start":{"line":595,"column":8},"end":{"line":595,"column":8}},{"start":{"line":595,"column":8},"end":{"line":595,"column":8}}]},"27":{"line":601,"type":"if","locations":[{"start":{"line":601,"column":8},"end":{"line":601,"column":8}},{"start":{"line":601,"column":8},"end":{"line":601,"column":8}}]},"28":{"line":605,"type":"if","locations":[{"start":{"line":605,"column":8},"end":{"line":605,"column":8}},{"start":{"line":605,"column":8},"end":{"line":605,"column":8}}]},"29":{"line":624,"type":"if","locations":[{"start":{"line":624,"column":8},"end":{"line":624,"column":8}},{"start":{"line":624,"column":8},"end":{"line":624,"column":8}}]}}},"contracts/utils/Arrays.sol":{"l":{"7":6,"8":6,"9":0,"11":6,"16":6,"17":6,"22":6,"23":0,"24":0},"path":"/Users/best/Dev/web3/chainlink/aclm/backend/contracts/utils/Arrays.sol","s":{"1":6,"2":6,"3":6,"4":6,"5":6,"6":6},"b":{},"f":{"1":6,"2":6,"3":6},"fnMap":{"1":{"name":"find","line":6,"loc":{"start":{"line":6,"column":4},"end":{"line":12,"column":4}}},"2":{"name":"removeByValue","line":15,"loc":{"start":{"line":15,"column":4},"end":{"line":18,"column":4}}},"3":{"name":"removeByIndex","line":21,"loc":{"start":{"line":21,"column":4},"end":{"line":26,"column":4}}}},"statementMap":{"1":{"start":{"line":7,"column":8},"end":{"line":7,"column":18}},"2":{"start":{"line":8,"column":8},"end":{"line":8,"column":224}},"3":{"start":{"line":11,"column":8},"end":{"line":11,"column":16}},"4":{"start":{"line":16,"column":8},"end":{"line":16,"column":33}},"5":{"start":{"line":17,"column":8},"end":{"line":17,"column":28}},"6":{"start":{"line":22,"column":8},"end":{"line":22,"column":645}}},"branchMap":{}},"contracts/utils/TickMath.sol":{"l":{"17":4,"19":4,"20":0,"22":0,"27":4,"28":4,"31":4,"32":4,"37":4,"38":4,"39":4,"40":4,"41":4},"path":"/Users/best/Dev/web3/chainlink/aclm/backend/contracts/utils/TickMath.sol","s":{"1":4,"2":4,"3":4,"4":4,"5":4,"6":4,"7":4,"8":4},"b":{"1":[0,4],"2":[0,4],"3":[4,0],"4":[4,0],"5":[4,0]},"f":{"1":4,"2":4,"3":4},"fnMap":{"1":{"name":"nearestUsableTick","line":13,"loc":{"start":{"line":13,"column":4},"end":{"line":24,"column":4}}},"2":{"name":"divRound","line":26,"loc":{"start":{"line":26,"column":4},"end":{"line":34,"column":4}}},"3":{"name":"div","line":36,"loc":{"start":{"line":36,"column":4},"end":{"line":43,"column":4}}}},"statementMap":{"1":{"start":{"line":19,"column":8},"end":{"line":19,"column":604}},"2":{"start":{"line":21,"column":15},"end":{"line":21,"column":686}},"3":{"start":{"line":27,"column":8},"end":{"line":27,"column":31}},"4":{"start":{"line":31,"column":8},"end":{"line":31,"column":973}},"5":{"start":{"line":38,"column":12},"end":{"line":38,"column":26}},"6":{"start":{"line":39,"column":12},"end":{"line":39,"column":49}},"7":{"start":{"line":40,"column":12},"end":{"line":40,"column":62}},"8":{"start":{"line":41,"column":12},"end":{"line":41,"column":33}}},"branchMap":{"1":{"line":19,"type":"if","locations":[{"start":{"line":19,"column":8},"end":{"line":19,"column":8}},{"start":{"line":19,"column":8},"end":{"line":19,"column":8}}]},"2":{"line":21,"type":"if","locations":[{"start":{"line":21,"column":15},"end":{"line":21,"column":15}},{"start":{"line":21,"column":15},"end":{"line":21,"column":15}}]},"3":{"line":31,"type":"if","locations":[{"start":{"line":31,"column":8},"end":{"line":31,"column":8}},{"start":{"line":31,"column":8},"end":{"line":31,"column":8}}]},"4":{"line":38,"type":"if","locations":[{"start":{"line":38,"column":12},"end":{"line":38,"column":12}},{"start":{"line":38,"column":12},"end":{"line":38,"column":12}}]},"5":{"line":40,"type":"if","locations":[{"start":{"line":40,"column":12},"end":{"line":40,"column":12}},{"start":{"line":40,"column":12},"end":{"line":40,"column":12}}]}}}}