TN:
SF:/Users/best/Dev/web3/chainlink/aclm/backend/contracts/api/InvestmentManager.sol
FNF:0
FNH:0
LF:0
LH:0
BRF:0
BRH:0
end_of_record
TN:
SF:/Users/best/Dev/web3/chainlink/aclm/backend/contracts/external/interfaces.sol
FNF:0
FNH:0
LF:0
LH:0
BRF:0
BRH:0
end_of_record
TN:
SF:/Users/best/Dev/web3/chainlink/aclm/backend/contracts/InvestmentManagerImpl.sol
FN:46,constructor
FN:60,invest
FN:91,_swapToTargetAmounts
FN:148,deposit
FN:155,depositWrapped
FN:161,wrap
FN:165,_wrap
FN:174,_deposit
FN:189,wrapAll
FN:193,swapKnownInput
FN:204,_swapExactInput
FN:229,_decreaseDeposit
FN:239,swapKnownOutput
FN:251,_swapExactOutput
FN:278,mint
FN:282,_mint
FN:321,_saveMinted
FN:352,getTokenBalance
FN:356,_getTokenUserBalance
FN:369,getNativeBalance
FN:373,getPositionsCount
FN:377,getMyPositions
FN:381,getAllPosition
FN:385,getPositionInfo
FN:389,getTickOutOfRangePositions
FN:416,updatePosition
FN:441,_computeNewTicks
FN:456,removePosition
FN:508,withdrawToken
FN:516,withdrawBalance
FN:523,withdrawAvailableBalance
FN:529,safeApprove
FN:536,safeTransfer
FN:543,
FN:549,rebalance
FN:575,computeAmountIn
FN:612,checkUpkeep
FN:621,performUpkeep
FNF:38
FNH:33
FNDA:81,constructor
FNDA:10,invest
FNDA:10,_swapToTargetAmounts
FNDA:19,deposit
FNDA:0,depositWrapped
FNDA:0,wrap
FNDA:19,_wrap
FNDA:47,_deposit
FNDA:19,wrapAll
FNDA:6,swapKnownInput
FNDA:8,_swapExactInput
FNDA:48,_decreaseDeposit
FNDA:3,swapKnownOutput
FNDA:14,_swapExactOutput
FNDA:1,mint
FNDA:13,_mint
FNDA:13,_saveMinted
FNDA:24,getTokenBalance
FNDA:46,_getTokenUserBalance
FNDA:5,getNativeBalance
FNDA:3,getPositionsCount
FNDA:8,getMyPositions
FNDA:0,getAllPosition
FNDA:5,getPositionInfo
FNDA:7,getTickOutOfRangePositions
FNDA:2,updatePosition
FNDA:2,_computeNewTicks
FNDA:3,removePosition
FNDA:1,withdrawToken
FNDA:3,withdrawBalance
FNDA:1,withdrawAvailableBalance
FNDA:62,safeApprove
FNDA:0,safeTransfer
FNDA:0,
FNDA:2,rebalance
FNDA:8,computeAmountIn
FNDA:2,checkUpkeep
FNDA:1,performUpkeep
DA:47,81
DA:48,81
DA:49,81
DA:55,15
DA:56,15
DA:57,15
DA:61,10
DA:62,10
DA:63,10
DA:71,10
DA:72,10
DA:75,10
DA:78,10
DA:88,10
DA:99,10
DA:100,10
DA:101,9
DA:108,9
DA:109,9
DA:110,9
DA:111,9
DA:113,0
DA:120,0
DA:121,0
DA:122,0
DA:123,0
DA:125,1
DA:132,1
DA:139,1
DA:140,1
DA:141,1
DA:142,1
DA:143,1
DA:145,10
DA:149,19
DA:150,19
DA:151,19
DA:152,19
DA:156,0
DA:157,0
DA:158,0
DA:162,0
DA:166,19
DA:167,19
DA:168,19
DA:169,19
DA:171,19
DA:175,47
DA:176,47
DA:177,47
DA:178,34
DA:179,10
DA:180,10
DA:181,10
DA:184,47
DA:185,37
DA:190,19
DA:199,6
DA:200,6
DA:201,6
DA:210,8
DA:211,8
DA:212,8
DA:213,8
DA:214,8
DA:225,8
DA:226,8
DA:230,48
DA:231,48
DA:232,65
DA:233,48
DA:234,48
DA:245,3
DA:246,3
DA:247,3
DA:248,3
DA:258,14
DA:260,14
DA:271,14
DA:273,14
DA:274,14
DA:279,1
DA:284,13
DA:285,13
DA:289,13
DA:303,13
DA:304,13
DA:305,13
DA:306,13
DA:313,13
DA:314,13
DA:315,13
DA:316,13
DA:317,13
DA:318,13
DA:322,13
DA:337,13
DA:348,13
DA:349,13
DA:353,24
DA:360,46
DA:361,46
DA:362,64
DA:363,46
DA:366,0
DA:370,5
DA:374,3
DA:378,8
DA:382,0
DA:386,5
DA:390,7
DA:391,7
DA:392,7
DA:393,7
DA:394,7
DA:395,7
DA:396,7
DA:397,7
DA:398,7
DA:399,7
DA:400,7
DA:401,4
DA:402,4
DA:405,7
DA:406,7
DA:407,7
DA:408,7
DA:409,4
DA:410,4
DA:413,7
DA:417,2
DA:418,2
DA:419,2
DA:421,2
DA:422,2
DA:423,2
DA:424,2
DA:425,2
DA:426,2
DA:427,2
DA:428,2
DA:438,2
DA:442,2
DA:443,2
DA:444,2
DA:445,2
DA:446,2
DA:448,2
DA:449,2
DA:451,2
DA:452,2
DA:453,2
DA:457,3
DA:459,3
DA:468,3
DA:469,3
DA:473,3
DA:481,3
DA:482,3
DA:484,3
DA:485,3
DA:486,3
DA:488,3
DA:489,3
DA:490,3
DA:491,3
DA:492,3
DA:493,3
DA:494,3
DA:509,1
DA:510,1
DA:511,1
DA:512,1
DA:513,1
DA:517,3
DA:518,3
DA:519,1
DA:520,1
DA:524,1
DA:525,1
DA:526,1
DA:530,62
DA:533,62
DA:537,0
DA:540,0
DA:544,0
DA:545,0
DA:546,0
DA:550,2
DA:551,2
DA:553,2
DA:554,2
DA:556,2
DA:557,2
DA:558,2
DA:559,2
DA:560,2
DA:561,2
DA:562,2
DA:563,2
DA:564,2
DA:565,2
DA:567,0
DA:568,0
DA:569,0
DA:572,2
DA:580,8
DA:581,1
DA:583,1
DA:585,6
DA:586,6
DA:587,6
DA:588,0
DA:589,0
DA:591,6
DA:592,6
DA:593,6
DA:594,6
DA:595,6
DA:596,5
DA:598,1
DA:599,1
DA:601,6
DA:603,1
DA:605,5
DA:606,1
DA:608,4
DA:615,2
DA:616,2
DA:617,2
DA:618,2
DA:623,1
DA:624,1
DA:625,1
DA:626,1
DA:627,1
DA:628,1
DA:629,1
DA:630,1
DA:632,1
DA:633,1
LF:241
LH:220
BRDA:73,1,0,1
BRDA:73,1,1,9
BRDA:76,2,0,1
BRDA:76,2,1,9
BRDA:100,3,0,9
BRDA:100,3,1,1
BRDA:112,4,0,0
BRDA:112,4,1,1
BRDA:167,5,0,19
BRDA:167,5,1,0
BRDA:178,6,0,10
BRDA:178,6,1,24
BRDA:184,7,0,37
BRDA:184,7,1,10
BRDA:232,8,0,48
BRDA:232,8,1,17
BRDA:273,9,0,14
BRDA:273,9,1,0
BRDA:362,10,0,46
BRDA:362,10,1,18
BRDA:400,11,0,4
BRDA:400,11,1,3
BRDA:400,12,0,0
BRDA:400,12,1,4
BRDA:408,13,0,4
BRDA:408,13,1,3
BRDA:518,14,0,1
BRDA:518,14,1,2
BRDA:533,15,0,62
BRDA:533,15,1,0
BRDA:533,16,0,0
BRDA:533,16,1,62
BRDA:540,17,0,0
BRDA:540,17,1,0
BRDA:540,18,0,0
BRDA:540,18,1,0
BRDA:561,19,0,2
BRDA:561,19,1,0
BRDA:562,20,0,2
BRDA:562,20,1,0
BRDA:580,21,0,1
BRDA:580,21,1,7
BRDA:582,22,0,1
BRDA:582,22,1,6
BRDA:587,23,0,0
BRDA:587,23,1,6
BRDA:593,24,0,0
BRDA:593,24,1,6
BRDA:594,25,0,0
BRDA:594,25,1,6
BRDA:595,26,0,5
BRDA:595,26,1,1
BRDA:601,27,0,1
BRDA:601,27,1,5
BRDA:605,28,0,1
BRDA:605,28,1,4
BRDA:624,29,0,1
BRDA:624,29,1,0
BRF:58
BRH:42
end_of_record
TN:
SF:/Users/best/Dev/web3/chainlink/aclm/backend/contracts/utils/Arrays.sol
FN:6,find
FN:15,removeByValue
FN:21,removeByIndex
FNF:3
FNH:3
FNDA:6,find
FNDA:6,removeByValue
FNDA:6,removeByIndex
DA:7,6
DA:8,6
DA:9,0
DA:11,6
DA:16,6
DA:17,6
DA:22,6
DA:23,0
DA:24,0
LF:9
LH:6
BRF:0
BRH:0
end_of_record
TN:
SF:/Users/best/Dev/web3/chainlink/aclm/backend/contracts/utils/TickMath.sol
FN:13,nearestUsableTick
FN:26,divRound
FN:36,div
FNF:3
FNH:3
FNDA:4,nearestUsableTick
FNDA:4,divRound
FNDA:4,div
DA:17,4
DA:19,4
DA:20,0
DA:22,0
DA:27,4
DA:28,4
DA:31,4
DA:32,4
DA:37,4
DA:38,4
DA:39,4
DA:40,4
DA:41,4
LF:13
LH:11
BRDA:19,1,0,0
BRDA:19,1,1,4
BRDA:21,2,0,0
BRDA:21,2,1,4
BRDA:31,3,0,4
BRDA:31,3,1,0
BRDA:38,4,0,4
BRDA:38,4,1,0
BRDA:40,5,0,4
BRDA:40,5,1,0
BRF:10
BRH:5
end_of_record
